[debug] [2020-10-10T20:44:23.361Z] ----------------------------------------------------------------------
[debug] [2020-10-10T20:44:23.365Z] Command:       C:\Program Files\nodejs\node.exe C:\Users\pacio\AppData\Roaming\npm\node_modules\firebase-tools\lib\bin\firebase.js emulators:start
[debug] [2020-10-10T20:44:23.366Z] CLI Version:   8.12.0
[debug] [2020-10-10T20:44:23.366Z] Platform:      win32
[debug] [2020-10-10T20:44:23.366Z] Node Version:  v12.18.4
[debug] [2020-10-10T20:44:23.368Z] Time:          Sat Oct 10 2020 22:44:23 GMT+0200 (GMT+02:00)
[debug] [2020-10-10T20:44:23.369Z] ----------------------------------------------------------------------
[debug] [2020-10-10T20:44:23.369Z] 
[debug] [2020-10-10T20:44:23.388Z] > command requires scopes: ["email","openid","https://www.googleapis.com/auth/cloudplatformprojects.readonly","https://www.googleapis.com/auth/firebase","https://www.googleapis.com/auth/cloud-platform"]
[debug] [2020-10-10T20:44:23.391Z] > authorizing via signed-in user
[info] i  emulators: Starting emulators: functions, hosting {"metadata":{"emulator":{"name":"hub"},"message":"Starting emulators: functions, hosting"}}
[debug] [2020-10-10T20:44:25.496Z] [hub] writing locator at C:\Users\pacio\AppData\Local\Temp\hub-amaz-clone-17a77.json
[warn] !  functions: The following emulators are not running, calls to these services from the Functions emulator will affect production: auth, firestore, database, pubsub {"metadata":{"emulator":{"name":"functions"},"message":"The following emulators are not running, calls to these services from the Functions emulator will affect production: \u001b[1mauth, firestore, database, pubsub\u001b[22m"}}
[warn] !  Your requested "node" version "10" doesn't match your global version "12" {"metadata":{"emulator":{"name":"functions"},"message":"Your requested \"node\" version \"10\" doesn't match your global version \"12\""}}
[debug] [2020-10-10T20:44:27.598Z] defaultcredentials: writing to file C:\Users\pacio\AppData\Roaming\firebase\mrdubikks_gmail_com_application_default_credentials.json
[debug] [2020-10-10T20:44:27.610Z] Setting GAC to C:\Users\pacio\AppData\Roaming\firebase\mrdubikks_gmail_com_application_default_credentials.json {"metadata":{"emulator":{"name":"functions"},"message":"Setting GAC to C:\\Users\\pacio\\AppData\\Roaming\\firebase\\mrdubikks_gmail_com_application_default_credentials.json"}}
[debug] [2020-10-10T20:44:29.634Z] >>> HTTP REQUEST GET https://firebase.googleapis.com/v1beta1/projects/amaz-clone-17a77/webApps/-/config  
 
[debug] [2020-10-10T20:44:30.729Z] <<< HTTP RESPONSE 200 {"content-type":"application/json; charset=UTF-8","vary":"X-Origin, Referer, Origin,Accept-Encoding","date":"Sat, 10 Oct 2020 20:44:30 GMT","server":"ESF","cache-control":"private","x-xss-protection":"0","x-frame-options":"SAMEORIGIN","x-content-type-options":"nosniff","alt-svc":"h3-Q050=\":443\"; ma=2592000,h3-29=\":443\"; ma=2592000,h3-27=\":443\"; ma=2592000,h3-T051=\":443\"; ma=2592000,h3-T050=\":443\"; ma=2592000,h3-Q046=\":443\"; ma=2592000,h3-Q043=\":443\"; ma=2592000,quic=\":443\"; ma=2592000; v=\"46,43\"","accept-ranges":"none","transfer-encoding":"chunked"}
[info] i  hosting: Serving hosting files from: build {"metadata":{"emulator":{"name":"hosting"},"message":"Serving hosting files from: \u001b[1mbuild\u001b[22m"}}
[info] +  hosting: Local server: http://localhost:5000 {"metadata":{"emulator":{"name":"hosting"},"message":"Local server: \u001b[4m\u001b[1mhttp://localhost:5000\u001b[22m\u001b[24m"}}
[info] i  ui: downloading ui-v1.1.1.zip... {"metadata":{"emulator":{"name":"ui"},"message":"downloading ui-v1.1.1.zip..."}}
[debug] [2020-10-10T20:44:41.215Z] Ignoring unsupported arg: auto_download {"metadata":{"emulator":{"name":"ui"},"message":"Ignoring unsupported arg: auto_download"}}
[debug] [2020-10-10T20:44:41.215Z] Ignoring unsupported arg: port {"metadata":{"emulator":{"name":"ui"},"message":"Ignoring unsupported arg: port"}}
[debug] [2020-10-10T20:44:41.215Z] Starting Emulator UI with command {"binary":"node","args":["C:\\Users\\pacio\\.cache\\firebase\\emulators\\ui-v1.1.1\\server.bundle.js"],"optionalArgs":[],"joinArgs":false} {"metadata":{"emulator":{"name":"ui"},"message":"Starting Emulator UI with command {\"binary\":\"node\",\"args\":[\"C:\\\\Users\\\\pacio\\\\.cache\\\\firebase\\\\emulators\\\\ui-v1.1.1\\\\server.bundle.js\"],\"optionalArgs\":[],\"joinArgs\":false}"}}
[info] i  ui: Emulator UI logging to ui-debug.log {"metadata":{"emulator":{"name":"ui"},"message":"Emulator UI logging to \u001b[1mui-debug.log\u001b[22m"}}
[debug] [2020-10-10T20:44:41.461Z] Web / API server started at http://localhost:4000
 {"metadata":{"emulator":{"name":"ui"},"message":"Web / API server started at http://localhost:4000\n"}}
[info] i  functions: Watching "C:\Users\pacio\Desktop\PacioLearn\amazon-clone\functions" for Cloud Functions... {"metadata":{"emulator":{"name":"functions"},"message":"Watching \"C:\\Users\\pacio\\Desktop\\PacioLearn\\amazon-clone\\functions\" for Cloud Functions..."}}
[debug] [2020-10-10T20:44:41.764Z] [worker-pool] addWorker(~diagnostic~) {"metadata":{"emulator":{"name":"functions"},"message":"[worker-pool] addWorker(~diagnostic~)"}}
[debug] [2020-10-10T20:44:41.764Z] [worker-pool] Adding worker with key ~diagnostic~, total=1 {"metadata":{"emulator":{"name":"functions"},"message":"[worker-pool] Adding worker with key ~diagnostic~, total=1"}}
[debug] [2020-10-10T20:44:41.765Z] [worker-pool] submitWork(triggerId=) {"metadata":{"emulator":{"name":"functions"},"message":"[worker-pool] submitWork(triggerId=)"}}
[debug] [2020-10-10T20:44:41.766Z] [worker-~diagnostic~-0993321d-93b2-4812-946e-d6403032e647]: Assigning socketPath: \\?\pipe\C:\Users\pacio\Desktop\PacioLearn\amazon-clone\functions\10360 {"metadata":{"emulator":{"name":"functions"},"message":"[worker-~diagnostic~-0993321d-93b2-4812-946e-d6403032e647]: Assigning socketPath: \\\\?\\pipe\\C:\\Users\\pacio\\Desktop\\PacioLearn\\amazon-clone\\functions\\10360"}}
[debug] [2020-10-10T20:44:41.766Z] [worker-~diagnostic~-0993321d-93b2-4812-946e-d6403032e647]: BUSY {"metadata":{"emulator":{"name":"functions"},"message":"[worker-~diagnostic~-0993321d-93b2-4812-946e-d6403032e647]: BUSY"}}
[debug] [2020-10-10T20:44:42.929Z] [runtime-status] [10360] Functions runtime initialized. {"cwd":"C:\\Users\\pacio\\Desktop\\PacioLearn\\amazon-clone\\functions","node_version":"12.18.4"} {"metadata":{"emulator":{"name":"functions"},"message":"[runtime-status] [10360] Functions runtime initialized. {\"cwd\":\"C:\\\\Users\\\\pacio\\\\Desktop\\\\PacioLearn\\\\amazon-clone\\\\functions\",\"node_version\":\"12.18.4\"}"}}
[debug] [2020-10-10T20:44:42.941Z] [runtime-status] [10360] Disabled runtime features: undefined {"metadata":{"emulator":{"name":"functions"},"message":"[runtime-status] [10360] Disabled runtime features: undefined"}}
[debug] [2020-10-10T20:44:42.952Z] [runtime-status] [10360] Resolved module firebase-admin {"declared":true,"installed":true,"version":"8.13.0","resolution":"C:\\Users\\pacio\\Desktop\\PacioLearn\\amazon-clone\\functions\\node_modules\\firebase-admin\\lib\\index.js"} {"metadata":{"emulator":{"name":"functions"},"message":"[runtime-status] [10360] Resolved module firebase-admin {\"declared\":true,\"installed\":true,\"version\":\"8.13.0\",\"resolution\":\"C:\\\\Users\\\\pacio\\\\Desktop\\\\PacioLearn\\\\amazon-clone\\\\functions\\\\node_modules\\\\firebase-admin\\\\lib\\\\index.js\"}"}}
[debug] [2020-10-10T20:44:42.966Z] [runtime-status] [10360] Resolved module firebase-functions {"declared":true,"installed":true,"version":"3.11.0","resolution":"C:\\Users\\pacio\\Desktop\\PacioLearn\\amazon-clone\\functions\\node_modules\\firebase-functions\\lib\\index.js"} {"metadata":{"emulator":{"name":"functions"},"message":"[runtime-status] [10360] Resolved module firebase-functions {\"declared\":true,\"installed\":true,\"version\":\"3.11.0\",\"resolution\":\"C:\\\\Users\\\\pacio\\\\Desktop\\\\PacioLearn\\\\amazon-clone\\\\functions\\\\node_modules\\\\firebase-functions\\\\lib\\\\index.js\"}"}}
[debug] [2020-10-10T20:44:42.969Z] [runtime-status] [10360] Resolved module firebase-functions {"declared":true,"installed":true,"version":"3.11.0","resolution":"C:\\Users\\pacio\\Desktop\\PacioLearn\\amazon-clone\\functions\\node_modules\\firebase-functions\\lib\\index.js"} {"metadata":{"emulator":{"name":"functions"},"message":"[runtime-status] [10360] Resolved module firebase-functions {\"declared\":true,\"installed\":true,\"version\":\"3.11.0\",\"resolution\":\"C:\\\\Users\\\\pacio\\\\Desktop\\\\PacioLearn\\\\amazon-clone\\\\functions\\\\node_modules\\\\firebase-functions\\\\lib\\\\index.js\"}"}}
[debug] [2020-10-10T20:44:42.976Z] [runtime-status] [10360] Outgoing network have been stubbed. [{"name":"http","status":"mocked"},{"name":"http","status":"mocked"},{"name":"https","status":"mocked"},{"name":"https","status":"mocked"},{"name":"net","status":"mocked"}] {"metadata":{"emulator":{"name":"functions"},"message":"[runtime-status] [10360] Outgoing network have been stubbed. [{\"name\":\"http\",\"status\":\"mocked\"},{\"name\":\"http\",\"status\":\"mocked\"},{\"name\":\"https\",\"status\":\"mocked\"},{\"name\":\"https\",\"status\":\"mocked\"},{\"name\":\"net\",\"status\":\"mocked\"}]"}}
[debug] [2020-10-10T20:44:42.977Z] [runtime-status] [10360] Resolved module firebase-functions {"declared":true,"installed":true,"version":"3.11.0","resolution":"C:\\Users\\pacio\\Desktop\\PacioLearn\\amazon-clone\\functions\\node_modules\\firebase-functions\\lib\\index.js"} {"metadata":{"emulator":{"name":"functions"},"message":"[runtime-status] [10360] Resolved module firebase-functions {\"declared\":true,\"installed\":true,\"version\":\"3.11.0\",\"resolution\":\"C:\\\\Users\\\\pacio\\\\Desktop\\\\PacioLearn\\\\amazon-clone\\\\functions\\\\node_modules\\\\firebase-functions\\\\lib\\\\index.js\"}"}}
[debug] [2020-10-10T20:44:43.134Z] [runtime-status] [10360] Checked functions.config() {"config":{}} {"metadata":{"emulator":{"name":"functions"},"message":"[runtime-status] [10360] Checked functions.config() {\"config\":{}}"}}
[debug] [2020-10-10T20:44:43.135Z] [runtime-status] [10360] firebase-functions has been stubbed. {"functionsResolution":{"declared":true,"installed":true,"version":"3.11.0","resolution":"C:\\Users\\pacio\\Desktop\\PacioLearn\\amazon-clone\\functions\\node_modules\\firebase-functions\\lib\\index.js"}} {"metadata":{"emulator":{"name":"functions"},"message":"[runtime-status] [10360] firebase-functions has been stubbed. {\"functionsResolution\":{\"declared\":true,\"installed\":true,\"version\":\"3.11.0\",\"resolution\":\"C:\\\\Users\\\\pacio\\\\Desktop\\\\PacioLearn\\\\amazon-clone\\\\functions\\\\node_modules\\\\firebase-functions\\\\lib\\\\index.js\"}}"}}
[debug] [2020-10-10T20:44:43.138Z] [runtime-status] [10360] Resolved module firebase-functions {"declared":true,"installed":true,"version":"3.11.0","resolution":"C:\\Users\\pacio\\Desktop\\PacioLearn\\amazon-clone\\functions\\node_modules\\firebase-functions\\lib\\index.js"} {"metadata":{"emulator":{"name":"functions"},"message":"[runtime-status] [10360] Resolved module firebase-functions {\"declared\":true,\"installed\":true,\"version\":\"3.11.0\",\"resolution\":\"C:\\\\Users\\\\pacio\\\\Desktop\\\\PacioLearn\\\\amazon-clone\\\\functions\\\\node_modules\\\\firebase-functions\\\\lib\\\\index.js\"}"}}
[debug] [2020-10-10T20:44:43.143Z] [runtime-status] [10360] Resolved module firebase-admin {"declared":true,"installed":true,"version":"8.13.0","resolution":"C:\\Users\\pacio\\Desktop\\PacioLearn\\amazon-clone\\functions\\node_modules\\firebase-admin\\lib\\index.js"} {"metadata":{"emulator":{"name":"functions"},"message":"[runtime-status] [10360] Resolved module firebase-admin {\"declared\":true,\"installed\":true,\"version\":\"8.13.0\",\"resolution\":\"C:\\\\Users\\\\pacio\\\\Desktop\\\\PacioLearn\\\\amazon-clone\\\\functions\\\\node_modules\\\\firebase-admin\\\\lib\\\\index.js\"}"}}
[debug] [2020-10-10T20:44:43.145Z] [runtime-status] [10360] Resolved module firebase-functions {"declared":true,"installed":true,"version":"3.11.0","resolution":"C:\\Users\\pacio\\Desktop\\PacioLearn\\amazon-clone\\functions\\node_modules\\firebase-functions\\lib\\index.js"} {"metadata":{"emulator":{"name":"functions"},"message":"[runtime-status] [10360] Resolved module firebase-functions {\"declared\":true,\"installed\":true,\"version\":\"3.11.0\",\"resolution\":\"C:\\\\Users\\\\pacio\\\\Desktop\\\\PacioLearn\\\\amazon-clone\\\\functions\\\\node_modules\\\\firebase-functions\\\\lib\\\\index.js\"}"}}
[debug] [2020-10-10T20:44:43.146Z] [runtime-status] [10360] firebase-admin has been stubbed. {"adminResolution":{"declared":true,"installed":true,"version":"8.13.0","resolution":"C:\\Users\\pacio\\Desktop\\PacioLearn\\amazon-clone\\functions\\node_modules\\firebase-admin\\lib\\index.js"}} {"metadata":{"emulator":{"name":"functions"},"message":"[runtime-status] [10360] firebase-admin has been stubbed. {\"adminResolution\":{\"declared\":true,\"installed\":true,\"version\":\"8.13.0\",\"resolution\":\"C:\\\\Users\\\\pacio\\\\Desktop\\\\PacioLearn\\\\amazon-clone\\\\functions\\\\node_modules\\\\firebase-admin\\\\lib\\\\index.js\"}}"}}
[info] +  functions[api]: http function initialized (http://localhost:5001/amaz-clone-17a77/us-central1/api). {"metadata":{"emulator":{"name":"functions"},"message":"\u001b[1mhttp\u001b[22m function initialized (http://localhost:5001/amaz-clone-17a77/us-central1/api)."}}
[info] 
┌───────────────────────────────────────────────────────────────────────┐
│ ✔  All emulators ready! View status and logs at http://localhost:4000 │
└───────────────────────────────────────────────────────────────────────┘

┌───────────┬────────────────┬─────────────────────────────────┐
│ Emulator  │ Host:Port      │ View in Emulator UI             │
├───────────┼────────────────┼─────────────────────────────────┤
│ Functions │ localhost:5001 │ http://localhost:4000/functions │
├───────────┼────────────────┼─────────────────────────────────┤
│ Hosting   │ localhost:5000 │ n/a                             │
└───────────┴────────────────┴─────────────────────────────────┘
  Other reserved ports: 4400, 4500

Issues? Report them at https://github.com/firebase/firebase-tools/issues and attach the *-debug.log files.
 
[debug] [2020-10-10T20:44:44.265Z] [worker-~diagnostic~-0993321d-93b2-4812-946e-d6403032e647]: IDLE {"metadata":{"emulator":{"name":"functions"},"message":"[worker-~diagnostic~-0993321d-93b2-4812-946e-d6403032e647]: IDLE"}}
[debug] [2020-10-10T20:45:47.176Z] [work-queue] {"queueLength":1,"workRunningCount":0}
[debug] [2020-10-10T20:45:47.177Z] [work-queue] {"queueLength":0,"workRunningCount":1}
[debug] [2020-10-10T20:45:47.179Z] Accepted request GET /amaz-clone-17a77/us-central1/api --> api
[debug] [2020-10-10T20:45:47.190Z] [worker-pool] addWorker(api) {"metadata":{"emulator":{"name":"functions"},"message":"[worker-pool] addWorker(api)"}}
[debug] [2020-10-10T20:45:47.191Z] [worker-pool] Adding worker with key api, total=1 {"metadata":{"emulator":{"name":"functions"},"message":"[worker-pool] Adding worker with key api, total=1"}}
[debug] [2020-10-10T20:45:47.192Z] [worker-pool] submitWork(triggerId=api) {"metadata":{"emulator":{"name":"functions"},"message":"[worker-pool] submitWork(triggerId=api)"}}
[debug] [2020-10-10T20:45:47.192Z] [worker-api-543cd64b-d174-4dbc-a5c0-c4da618a7486]: Assigning socketPath: \\?\pipe\C:\Users\pacio\Desktop\PacioLearn\amazon-clone\functions\22856 {"metadata":{"emulator":{"name":"functions"},"message":"[worker-api-543cd64b-d174-4dbc-a5c0-c4da618a7486]: Assigning socketPath: \\\\?\\pipe\\C:\\Users\\pacio\\Desktop\\PacioLearn\\amazon-clone\\functions\\22856"}}
[debug] [2020-10-10T20:45:47.193Z] [worker-api-543cd64b-d174-4dbc-a5c0-c4da618a7486]: BUSY {"metadata":{"emulator":{"name":"functions"},"message":"[worker-api-543cd64b-d174-4dbc-a5c0-c4da618a7486]: BUSY"}}
[debug] [2020-10-10T20:45:48.837Z] [runtime-status] [22856] Functions runtime initialized. {"cwd":"C:\\Users\\pacio\\Desktop\\PacioLearn\\amazon-clone\\functions","node_version":"12.18.4"} {"metadata":{"emulator":{"name":"functions"},"function":{"name":"api"},"message":"[runtime-status] [22856] Functions runtime initialized. {\"cwd\":\"C:\\\\Users\\\\pacio\\\\Desktop\\\\PacioLearn\\\\amazon-clone\\\\functions\",\"node_version\":\"12.18.4\"}"}}
[debug] [2020-10-10T20:45:48.860Z] [runtime-status] [22856] Disabled runtime features: undefined {"metadata":{"emulator":{"name":"functions"},"function":{"name":"api"},"message":"[runtime-status] [22856] Disabled runtime features: undefined"}}
[debug] [2020-10-10T20:45:48.886Z] [runtime-status] [22856] Resolved module firebase-admin {"declared":true,"installed":true,"version":"8.13.0","resolution":"C:\\Users\\pacio\\Desktop\\PacioLearn\\amazon-clone\\functions\\node_modules\\firebase-admin\\lib\\index.js"} {"metadata":{"emulator":{"name":"functions"},"function":{"name":"api"},"message":"[runtime-status] [22856] Resolved module firebase-admin {\"declared\":true,\"installed\":true,\"version\":\"8.13.0\",\"resolution\":\"C:\\\\Users\\\\pacio\\\\Desktop\\\\PacioLearn\\\\amazon-clone\\\\functions\\\\node_modules\\\\firebase-admin\\\\lib\\\\index.js\"}"}}
[debug] [2020-10-10T20:45:48.896Z] [runtime-status] [22856] Resolved module firebase-functions {"declared":true,"installed":true,"version":"3.11.0","resolution":"C:\\Users\\pacio\\Desktop\\PacioLearn\\amazon-clone\\functions\\node_modules\\firebase-functions\\lib\\index.js"} {"metadata":{"emulator":{"name":"functions"},"function":{"name":"api"},"message":"[runtime-status] [22856] Resolved module firebase-functions {\"declared\":true,\"installed\":true,\"version\":\"3.11.0\",\"resolution\":\"C:\\\\Users\\\\pacio\\\\Desktop\\\\PacioLearn\\\\amazon-clone\\\\functions\\\\node_modules\\\\firebase-functions\\\\lib\\\\index.js\"}"}}
[debug] [2020-10-10T20:45:48.906Z] [runtime-status] [22856] Resolved module firebase-functions {"declared":true,"installed":true,"version":"3.11.0","resolution":"C:\\Users\\pacio\\Desktop\\PacioLearn\\amazon-clone\\functions\\node_modules\\firebase-functions\\lib\\index.js"} {"metadata":{"emulator":{"name":"functions"},"function":{"name":"api"},"message":"[runtime-status] [22856] Resolved module firebase-functions {\"declared\":true,\"installed\":true,\"version\":\"3.11.0\",\"resolution\":\"C:\\\\Users\\\\pacio\\\\Desktop\\\\PacioLearn\\\\amazon-clone\\\\functions\\\\node_modules\\\\firebase-functions\\\\lib\\\\index.js\"}"}}
[debug] [2020-10-10T20:45:48.911Z] [runtime-status] [22856] Outgoing network have been stubbed. [{"name":"http","status":"mocked"},{"name":"http","status":"mocked"},{"name":"https","status":"mocked"},{"name":"https","status":"mocked"},{"name":"net","status":"mocked"}] {"metadata":{"emulator":{"name":"functions"},"function":{"name":"api"},"message":"[runtime-status] [22856] Outgoing network have been stubbed. [{\"name\":\"http\",\"status\":\"mocked\"},{\"name\":\"http\",\"status\":\"mocked\"},{\"name\":\"https\",\"status\":\"mocked\"},{\"name\":\"https\",\"status\":\"mocked\"},{\"name\":\"net\",\"status\":\"mocked\"}]"}}
[debug] [2020-10-10T20:45:48.915Z] [runtime-status] [22856] Resolved module firebase-functions {"declared":true,"installed":true,"version":"3.11.0","resolution":"C:\\Users\\pacio\\Desktop\\PacioLearn\\amazon-clone\\functions\\node_modules\\firebase-functions\\lib\\index.js"} {"metadata":{"emulator":{"name":"functions"},"function":{"name":"api"},"message":"[runtime-status] [22856] Resolved module firebase-functions {\"declared\":true,\"installed\":true,\"version\":\"3.11.0\",\"resolution\":\"C:\\\\Users\\\\pacio\\\\Desktop\\\\PacioLearn\\\\amazon-clone\\\\functions\\\\node_modules\\\\firebase-functions\\\\lib\\\\index.js\"}"}}
[debug] [2020-10-10T20:45:49.091Z] [runtime-status] [22856] Checked functions.config() {"config":{}} {"metadata":{"emulator":{"name":"functions"},"function":{"name":"api"},"message":"[runtime-status] [22856] Checked functions.config() {\"config\":{}}"}}
[debug] [2020-10-10T20:45:49.092Z] [runtime-status] [22856] firebase-functions has been stubbed. {"functionsResolution":{"declared":true,"installed":true,"version":"3.11.0","resolution":"C:\\Users\\pacio\\Desktop\\PacioLearn\\amazon-clone\\functions\\node_modules\\firebase-functions\\lib\\index.js"}} {"metadata":{"emulator":{"name":"functions"},"function":{"name":"api"},"message":"[runtime-status] [22856] firebase-functions has been stubbed. {\"functionsResolution\":{\"declared\":true,\"installed\":true,\"version\":\"3.11.0\",\"resolution\":\"C:\\\\Users\\\\pacio\\\\Desktop\\\\PacioLearn\\\\amazon-clone\\\\functions\\\\node_modules\\\\firebase-functions\\\\lib\\\\index.js\"}}"}}
[debug] [2020-10-10T20:45:49.094Z] [runtime-status] [22856] Resolved module firebase-functions {"declared":true,"installed":true,"version":"3.11.0","resolution":"C:\\Users\\pacio\\Desktop\\PacioLearn\\amazon-clone\\functions\\node_modules\\firebase-functions\\lib\\index.js"} {"metadata":{"emulator":{"name":"functions"},"function":{"name":"api"},"message":"[runtime-status] [22856] Resolved module firebase-functions {\"declared\":true,\"installed\":true,\"version\":\"3.11.0\",\"resolution\":\"C:\\\\Users\\\\pacio\\\\Desktop\\\\PacioLearn\\\\amazon-clone\\\\functions\\\\node_modules\\\\firebase-functions\\\\lib\\\\index.js\"}"}}
[debug] [2020-10-10T20:45:49.099Z] [runtime-status] [22856] Resolved module firebase-admin {"declared":true,"installed":true,"version":"8.13.0","resolution":"C:\\Users\\pacio\\Desktop\\PacioLearn\\amazon-clone\\functions\\node_modules\\firebase-admin\\lib\\index.js"} {"metadata":{"emulator":{"name":"functions"},"function":{"name":"api"},"message":"[runtime-status] [22856] Resolved module firebase-admin {\"declared\":true,\"installed\":true,\"version\":\"8.13.0\",\"resolution\":\"C:\\\\Users\\\\pacio\\\\Desktop\\\\PacioLearn\\\\amazon-clone\\\\functions\\\\node_modules\\\\firebase-admin\\\\lib\\\\index.js\"}"}}
[debug] [2020-10-10T20:45:49.101Z] [runtime-status] [22856] Resolved module firebase-functions {"declared":true,"installed":true,"version":"3.11.0","resolution":"C:\\Users\\pacio\\Desktop\\PacioLearn\\amazon-clone\\functions\\node_modules\\firebase-functions\\lib\\index.js"} {"metadata":{"emulator":{"name":"functions"},"function":{"name":"api"},"message":"[runtime-status] [22856] Resolved module firebase-functions {\"declared\":true,\"installed\":true,\"version\":\"3.11.0\",\"resolution\":\"C:\\\\Users\\\\pacio\\\\Desktop\\\\PacioLearn\\\\amazon-clone\\\\functions\\\\node_modules\\\\firebase-functions\\\\lib\\\\index.js\"}"}}
[debug] [2020-10-10T20:45:49.102Z] [runtime-status] [22856] firebase-admin has been stubbed. {"adminResolution":{"declared":true,"installed":true,"version":"8.13.0","resolution":"C:\\Users\\pacio\\Desktop\\PacioLearn\\amazon-clone\\functions\\node_modules\\firebase-admin\\lib\\index.js"}} {"metadata":{"emulator":{"name":"functions"},"function":{"name":"api"},"message":"[runtime-status] [22856] firebase-admin has been stubbed. {\"adminResolution\":{\"declared\":true,\"installed\":true,\"version\":\"8.13.0\",\"resolution\":\"C:\\\\Users\\\\pacio\\\\Desktop\\\\PacioLearn\\\\amazon-clone\\\\functions\\\\node_modules\\\\firebase-admin\\\\lib\\\\index.js\"}}"}}
[debug] [2020-10-10T20:45:49.722Z] [runtime-status] [22856] Trigger "api" has been found, beginning invocation! {"metadata":{"emulator":{"name":"functions"},"function":{"name":"api"},"message":"[runtime-status] [22856] Trigger \"api\" has been found, beginning invocation!"}}
[info] i  functions: Beginning execution of "api" {"metadata":{"emulator":{"name":"functions"},"function":{"name":"api"},"message":"Beginning execution of \"api\""}}
[debug] [2020-10-10T20:45:49.725Z] [runtime-status] [22856] triggerDefinition {"httpsTrigger":{},"name":"api","entryPoint":"api"} {"metadata":{"emulator":{"name":"functions"},"function":{"name":"api"},"message":"[runtime-status] [22856] triggerDefinition {\"httpsTrigger\":{},\"name\":\"api\",\"entryPoint\":\"api\"}"}}
[debug] [2020-10-10T20:45:49.725Z] [runtime-status] [22856] Running api in mode HTTPS {"metadata":{"emulator":{"name":"functions"},"function":{"name":"api"},"message":"[runtime-status] [22856] Running api in mode HTTPS"}}
[debug] [2020-10-10T20:45:49.740Z] [runtime-status] [22856] Attempting to listen to socketPath: \\?\pipe\C:\Users\pacio\Desktop\PacioLearn\amazon-clone\functions\22856 {"metadata":{"emulator":{"name":"functions"},"function":{"name":"api"},"message":"[runtime-status] [22856] Attempting to listen to socketPath: \\\\?\\pipe\\C:\\Users\\pacio\\Desktop\\PacioLearn\\amazon-clone\\functions\\22856"}}
[debug] [2020-10-10T20:45:49.750Z] [functions] Runtime ready! Sending request! {"metadata":{"emulator":{"name":"functions"},"message":"[functions] Runtime ready! Sending request!"}}
[debug] [2020-10-10T20:45:49.771Z] [runtime-status] [22856] Ephemeral server handling GET request {"metadata":{"emulator":{"name":"functions"},"function":{"name":"api"},"message":"[runtime-status] [22856] Ephemeral server handling GET request"}}
[debug] [2020-10-10T20:45:49.784Z] [runtime-status] [22856] Ephemeral server survived. {"metadata":{"emulator":{"name":"functions"},"function":{"name":"api"},"message":"[runtime-status] [22856] Ephemeral server survived."}}
[info] i  functions: Finished "api" in ~1s {"metadata":{"emulator":{"name":"functions"},"function":{"name":"api"},"message":"Finished \"api\" in ~1s"}}
[debug] [2020-10-10T20:45:49.790Z] [worker-api-543cd64b-d174-4dbc-a5c0-c4da618a7486]: IDLE {"metadata":{"emulator":{"name":"functions"},"message":"[worker-api-543cd64b-d174-4dbc-a5c0-c4da618a7486]: IDLE"}}
[debug] [2020-10-10T20:45:49.790Z] [work-queue] {"queueLength":0,"workRunningCount":0}
[debug] [2020-10-10T20:46:11.473Z] [work-queue] {"queueLength":1,"workRunningCount":0}
[debug] [2020-10-10T20:46:11.474Z] [work-queue] {"queueLength":0,"workRunningCount":1}
[debug] [2020-10-10T20:46:11.475Z] Accepted request GET /amaz-clone-17a77/us-central1/api --> api
[debug] [2020-10-10T20:46:11.476Z] [worker-pool] submitWork(triggerId=api) {"metadata":{"emulator":{"name":"functions"},"message":"[worker-pool] submitWork(triggerId=api)"}}
[debug] [2020-10-10T20:46:11.477Z] [worker-api-543cd64b-d174-4dbc-a5c0-c4da618a7486]: Assigning socketPath: \\?\pipe\C:\Users\pacio\Desktop\PacioLearn\amazon-clone\functions\22856 {"metadata":{"emulator":{"name":"functions"},"message":"[worker-api-543cd64b-d174-4dbc-a5c0-c4da618a7486]: Assigning socketPath: \\\\?\\pipe\\C:\\Users\\pacio\\Desktop\\PacioLearn\\amazon-clone\\functions\\22856"}}
[debug] [2020-10-10T20:46:11.477Z] [worker-api-543cd64b-d174-4dbc-a5c0-c4da618a7486]: BUSY {"metadata":{"emulator":{"name":"functions"},"message":"[worker-api-543cd64b-d174-4dbc-a5c0-c4da618a7486]: BUSY"}}
[debug] [2020-10-10T20:46:11.481Z] [runtime-status] [22856] Trigger "api" has been found, beginning invocation! {"metadata":{"emulator":{"name":"functions"},"function":{"name":"api"},"message":"[runtime-status] [22856] Trigger \"api\" has been found, beginning invocation!"}}
[info] i  functions: Beginning execution of "api" {"metadata":{"emulator":{"name":"functions"},"function":{"name":"api"},"message":"Beginning execution of \"api\""}}
[debug] [2020-10-10T20:46:11.494Z] [runtime-status] [22856] triggerDefinition {"httpsTrigger":{},"name":"api","entryPoint":"api"} {"metadata":{"emulator":{"name":"functions"},"function":{"name":"api"},"message":"[runtime-status] [22856] triggerDefinition {\"httpsTrigger\":{},\"name\":\"api\",\"entryPoint\":\"api\"}"}}
[debug] [2020-10-10T20:46:11.495Z] [runtime-status] [22856] Running api in mode HTTPS {"metadata":{"emulator":{"name":"functions"},"function":{"name":"api"},"message":"[runtime-status] [22856] Running api in mode HTTPS"}}
[debug] [2020-10-10T20:46:11.496Z] [runtime-status] [22856] Attempting to listen to socketPath: \\?\pipe\C:\Users\pacio\Desktop\PacioLearn\amazon-clone\functions\22856 {"metadata":{"emulator":{"name":"functions"},"function":{"name":"api"},"message":"[runtime-status] [22856] Attempting to listen to socketPath: \\\\?\\pipe\\C:\\Users\\pacio\\Desktop\\PacioLearn\\amazon-clone\\functions\\22856"}}
[debug] [2020-10-10T20:46:11.499Z] [functions] Runtime ready! Sending request! {"metadata":{"emulator":{"name":"functions"},"message":"[functions] Runtime ready! Sending request!"}}
[debug] [2020-10-10T20:46:11.507Z] [runtime-status] [22856] Ephemeral server handling GET request {"metadata":{"emulator":{"name":"functions"},"function":{"name":"api"},"message":"[runtime-status] [22856] Ephemeral server handling GET request"}}
[debug] [2020-10-10T20:46:11.511Z] [runtime-status] [22856] Ephemeral server survived. {"metadata":{"emulator":{"name":"functions"},"function":{"name":"api"},"message":"[runtime-status] [22856] Ephemeral server survived."}}
[info] i  functions: Finished "api" in ~1s {"metadata":{"emulator":{"name":"functions"},"function":{"name":"api"},"message":"Finished \"api\" in ~1s"}}
[debug] [2020-10-10T20:46:11.523Z] [worker-api-543cd64b-d174-4dbc-a5c0-c4da618a7486]: IDLE {"metadata":{"emulator":{"name":"functions"},"message":"[worker-api-543cd64b-d174-4dbc-a5c0-c4da618a7486]: IDLE"}}
[debug] [2020-10-10T20:46:11.525Z] [work-queue] {"queueLength":0,"workRunningCount":0}
[debug] [2020-10-10T20:46:11.671Z] Functions emulator received unknown request at path /favicon.ico
[debug] [2020-10-10T20:46:16.751Z] File C:\Users\pacio\Desktop\PacioLearn\amazon-clone\functions\index.js changed, reloading triggers {"metadata":{"emulator":{"name":"functions"},"message":"File C:\\Users\\pacio\\Desktop\\PacioLearn\\amazon-clone\\functions\\index.js changed, reloading triggers"}}
[debug] [2020-10-10T20:46:17.754Z] [worker-pool] Shutting down IDLE worker (~diagnostic~) {"metadata":{"emulator":{"name":"functions"},"message":"[worker-pool] Shutting down IDLE worker (~diagnostic~)"}}
[debug] [2020-10-10T20:46:17.755Z] [worker-~diagnostic~-0993321d-93b2-4812-946e-d6403032e647]: FINISHING {"metadata":{"emulator":{"name":"functions"},"message":"[worker-~diagnostic~-0993321d-93b2-4812-946e-d6403032e647]: FINISHING"}}
[debug] [2020-10-10T20:46:17.757Z] [worker-pool] Shutting down IDLE worker (api) {"metadata":{"emulator":{"name":"functions"},"message":"[worker-pool] Shutting down IDLE worker (api)"}}
[debug] [2020-10-10T20:46:17.767Z] [worker-api-543cd64b-d174-4dbc-a5c0-c4da618a7486]: FINISHING {"metadata":{"emulator":{"name":"functions"},"message":"[worker-api-543cd64b-d174-4dbc-a5c0-c4da618a7486]: FINISHING"}}
[debug] [2020-10-10T20:46:17.784Z] [worker-pool] addWorker(~diagnostic~) {"metadata":{"emulator":{"name":"functions"},"message":"[worker-pool] addWorker(~diagnostic~)"}}
[debug] [2020-10-10T20:46:17.785Z] [worker-pool] Adding worker with key ~diagnostic~, total=2 {"metadata":{"emulator":{"name":"functions"},"message":"[worker-pool] Adding worker with key ~diagnostic~, total=2"}}
[debug] [2020-10-10T20:46:17.785Z] [worker-pool] submitWork(triggerId=) {"metadata":{"emulator":{"name":"functions"},"message":"[worker-pool] submitWork(triggerId=)"}}
[debug] [2020-10-10T20:46:17.786Z] [worker-~diagnostic~-35345c45-250d-4c8d-b17a-a2846b67cc42]: Assigning socketPath: \\?\pipe\C:\Users\pacio\Desktop\PacioLearn\amazon-clone\functions\25196 {"metadata":{"emulator":{"name":"functions"},"message":"[worker-~diagnostic~-35345c45-250d-4c8d-b17a-a2846b67cc42]: Assigning socketPath: \\\\?\\pipe\\C:\\Users\\pacio\\Desktop\\PacioLearn\\amazon-clone\\functions\\25196"}}
[debug] [2020-10-10T20:46:17.786Z] [worker-~diagnostic~-35345c45-250d-4c8d-b17a-a2846b67cc42]: BUSY {"metadata":{"emulator":{"name":"functions"},"message":"[worker-~diagnostic~-35345c45-250d-4c8d-b17a-a2846b67cc42]: BUSY"}}
[debug] [2020-10-10T20:46:17.808Z] [worker-~diagnostic~-0993321d-93b2-4812-946e-d6403032e647]: exited {"metadata":{"emulator":{"name":"functions"},"message":"[worker-~diagnostic~-0993321d-93b2-4812-946e-d6403032e647]: exited"}}
[debug] [2020-10-10T20:46:17.809Z] [worker-~diagnostic~-0993321d-93b2-4812-946e-d6403032e647]: FINISHED {"metadata":{"emulator":{"name":"functions"},"message":"[worker-~diagnostic~-0993321d-93b2-4812-946e-d6403032e647]: FINISHED"}}
[debug] [2020-10-10T20:46:17.819Z] [worker-api-543cd64b-d174-4dbc-a5c0-c4da618a7486]: exited {"metadata":{"emulator":{"name":"functions"},"message":"[worker-api-543cd64b-d174-4dbc-a5c0-c4da618a7486]: exited"}}
[debug] [2020-10-10T20:46:17.820Z] [worker-api-543cd64b-d174-4dbc-a5c0-c4da618a7486]: FINISHED {"metadata":{"emulator":{"name":"functions"},"message":"[worker-api-543cd64b-d174-4dbc-a5c0-c4da618a7486]: FINISHED"}}
[debug] [2020-10-10T20:46:19.507Z] [runtime-status] [25196] Functions runtime initialized. {"cwd":"C:\\Users\\pacio\\Desktop\\PacioLearn\\amazon-clone\\functions","node_version":"12.18.4"} {"metadata":{"emulator":{"name":"functions"},"message":"[runtime-status] [25196] Functions runtime initialized. {\"cwd\":\"C:\\\\Users\\\\pacio\\\\Desktop\\\\PacioLearn\\\\amazon-clone\\\\functions\",\"node_version\":\"12.18.4\"}"}}
[debug] [2020-10-10T20:46:19.520Z] [runtime-status] [25196] Disabled runtime features: undefined {"metadata":{"emulator":{"name":"functions"},"message":"[runtime-status] [25196] Disabled runtime features: undefined"}}
[debug] [2020-10-10T20:46:19.536Z] [runtime-status] [25196] Resolved module firebase-admin {"declared":true,"installed":true,"version":"8.13.0","resolution":"C:\\Users\\pacio\\Desktop\\PacioLearn\\amazon-clone\\functions\\node_modules\\firebase-admin\\lib\\index.js"} {"metadata":{"emulator":{"name":"functions"},"message":"[runtime-status] [25196] Resolved module firebase-admin {\"declared\":true,\"installed\":true,\"version\":\"8.13.0\",\"resolution\":\"C:\\\\Users\\\\pacio\\\\Desktop\\\\PacioLearn\\\\amazon-clone\\\\functions\\\\node_modules\\\\firebase-admin\\\\lib\\\\index.js\"}"}}
[debug] [2020-10-10T20:46:19.540Z] [runtime-status] [25196] Resolved module firebase-functions {"declared":true,"installed":true,"version":"3.11.0","resolution":"C:\\Users\\pacio\\Desktop\\PacioLearn\\amazon-clone\\functions\\node_modules\\firebase-functions\\lib\\index.js"} {"metadata":{"emulator":{"name":"functions"},"message":"[runtime-status] [25196] Resolved module firebase-functions {\"declared\":true,\"installed\":true,\"version\":\"3.11.0\",\"resolution\":\"C:\\\\Users\\\\pacio\\\\Desktop\\\\PacioLearn\\\\amazon-clone\\\\functions\\\\node_modules\\\\firebase-functions\\\\lib\\\\index.js\"}"}}
[debug] [2020-10-10T20:46:19.543Z] [runtime-status] [25196] Resolved module firebase-functions {"declared":true,"installed":true,"version":"3.11.0","resolution":"C:\\Users\\pacio\\Desktop\\PacioLearn\\amazon-clone\\functions\\node_modules\\firebase-functions\\lib\\index.js"} {"metadata":{"emulator":{"name":"functions"},"message":"[runtime-status] [25196] Resolved module firebase-functions {\"declared\":true,\"installed\":true,\"version\":\"3.11.0\",\"resolution\":\"C:\\\\Users\\\\pacio\\\\Desktop\\\\PacioLearn\\\\amazon-clone\\\\functions\\\\node_modules\\\\firebase-functions\\\\lib\\\\index.js\"}"}}
[debug] [2020-10-10T20:46:19.547Z] [runtime-status] [25196] Outgoing network have been stubbed. [{"name":"http","status":"mocked"},{"name":"http","status":"mocked"},{"name":"https","status":"mocked"},{"name":"https","status":"mocked"},{"name":"net","status":"mocked"}] {"metadata":{"emulator":{"name":"functions"},"message":"[runtime-status] [25196] Outgoing network have been stubbed. [{\"name\":\"http\",\"status\":\"mocked\"},{\"name\":\"http\",\"status\":\"mocked\"},{\"name\":\"https\",\"status\":\"mocked\"},{\"name\":\"https\",\"status\":\"mocked\"},{\"name\":\"net\",\"status\":\"mocked\"}]"}}
[debug] [2020-10-10T20:46:19.549Z] [runtime-status] [25196] Resolved module firebase-functions {"declared":true,"installed":true,"version":"3.11.0","resolution":"C:\\Users\\pacio\\Desktop\\PacioLearn\\amazon-clone\\functions\\node_modules\\firebase-functions\\lib\\index.js"} {"metadata":{"emulator":{"name":"functions"},"message":"[runtime-status] [25196] Resolved module firebase-functions {\"declared\":true,\"installed\":true,\"version\":\"3.11.0\",\"resolution\":\"C:\\\\Users\\\\pacio\\\\Desktop\\\\PacioLearn\\\\amazon-clone\\\\functions\\\\node_modules\\\\firebase-functions\\\\lib\\\\index.js\"}"}}
[debug] [2020-10-10T20:46:19.681Z] [runtime-status] [25196] Checked functions.config() {"config":{}} {"metadata":{"emulator":{"name":"functions"},"message":"[runtime-status] [25196] Checked functions.config() {\"config\":{}}"}}
[debug] [2020-10-10T20:46:19.682Z] [runtime-status] [25196] firebase-functions has been stubbed. {"functionsResolution":{"declared":true,"installed":true,"version":"3.11.0","resolution":"C:\\Users\\pacio\\Desktop\\PacioLearn\\amazon-clone\\functions\\node_modules\\firebase-functions\\lib\\index.js"}} {"metadata":{"emulator":{"name":"functions"},"message":"[runtime-status] [25196] firebase-functions has been stubbed. {\"functionsResolution\":{\"declared\":true,\"installed\":true,\"version\":\"3.11.0\",\"resolution\":\"C:\\\\Users\\\\pacio\\\\Desktop\\\\PacioLearn\\\\amazon-clone\\\\functions\\\\node_modules\\\\firebase-functions\\\\lib\\\\index.js\"}}"}}
[debug] [2020-10-10T20:46:19.684Z] [runtime-status] [25196] Resolved module firebase-functions {"declared":true,"installed":true,"version":"3.11.0","resolution":"C:\\Users\\pacio\\Desktop\\PacioLearn\\amazon-clone\\functions\\node_modules\\firebase-functions\\lib\\index.js"} {"metadata":{"emulator":{"name":"functions"},"message":"[runtime-status] [25196] Resolved module firebase-functions {\"declared\":true,\"installed\":true,\"version\":\"3.11.0\",\"resolution\":\"C:\\\\Users\\\\pacio\\\\Desktop\\\\PacioLearn\\\\amazon-clone\\\\functions\\\\node_modules\\\\firebase-functions\\\\lib\\\\index.js\"}"}}
[debug] [2020-10-10T20:46:19.688Z] [runtime-status] [25196] Resolved module firebase-admin {"declared":true,"installed":true,"version":"8.13.0","resolution":"C:\\Users\\pacio\\Desktop\\PacioLearn\\amazon-clone\\functions\\node_modules\\firebase-admin\\lib\\index.js"} {"metadata":{"emulator":{"name":"functions"},"message":"[runtime-status] [25196] Resolved module firebase-admin {\"declared\":true,\"installed\":true,\"version\":\"8.13.0\",\"resolution\":\"C:\\\\Users\\\\pacio\\\\Desktop\\\\PacioLearn\\\\amazon-clone\\\\functions\\\\node_modules\\\\firebase-admin\\\\lib\\\\index.js\"}"}}
[debug] [2020-10-10T20:46:19.690Z] [runtime-status] [25196] Resolved module firebase-functions {"declared":true,"installed":true,"version":"3.11.0","resolution":"C:\\Users\\pacio\\Desktop\\PacioLearn\\amazon-clone\\functions\\node_modules\\firebase-functions\\lib\\index.js"} {"metadata":{"emulator":{"name":"functions"},"message":"[runtime-status] [25196] Resolved module firebase-functions {\"declared\":true,\"installed\":true,\"version\":\"3.11.0\",\"resolution\":\"C:\\\\Users\\\\pacio\\\\Desktop\\\\PacioLearn\\\\amazon-clone\\\\functions\\\\node_modules\\\\firebase-functions\\\\lib\\\\index.js\"}"}}
[debug] [2020-10-10T20:46:19.691Z] [runtime-status] [25196] firebase-admin has been stubbed. {"adminResolution":{"declared":true,"installed":true,"version":"8.13.0","resolution":"C:\\Users\\pacio\\Desktop\\PacioLearn\\amazon-clone\\functions\\node_modules\\firebase-admin\\lib\\index.js"}} {"metadata":{"emulator":{"name":"functions"},"message":"[runtime-status] [25196] firebase-admin has been stubbed. {\"adminResolution\":{\"declared\":true,\"installed\":true,\"version\":\"8.13.0\",\"resolution\":\"C:\\\\Users\\\\pacio\\\\Desktop\\\\PacioLearn\\\\amazon-clone\\\\functions\\\\node_modules\\\\firebase-admin\\\\lib\\\\index.js\"}}"}}
[debug] [2020-10-10T20:46:20.234Z] [worker-~diagnostic~-35345c45-250d-4c8d-b17a-a2846b67cc42]: IDLE {"metadata":{"emulator":{"name":"functions"},"message":"[worker-~diagnostic~-35345c45-250d-4c8d-b17a-a2846b67cc42]: IDLE"}}
[debug] [2020-10-10T20:50:32.199Z] File C:\Users\pacio\Desktop\PacioLearn\amazon-clone\functions\index.js changed, reloading triggers {"metadata":{"emulator":{"name":"functions"},"message":"File C:\\Users\\pacio\\Desktop\\PacioLearn\\amazon-clone\\functions\\index.js changed, reloading triggers"}}
[debug] [2020-10-10T20:50:33.200Z] [worker-pool] Shutting down IDLE worker (~diagnostic~) {"metadata":{"emulator":{"name":"functions"},"message":"[worker-pool] Shutting down IDLE worker (~diagnostic~)"}}
[debug] [2020-10-10T20:50:33.200Z] [worker-~diagnostic~-35345c45-250d-4c8d-b17a-a2846b67cc42]: FINISHING {"metadata":{"emulator":{"name":"functions"},"message":"[worker-~diagnostic~-35345c45-250d-4c8d-b17a-a2846b67cc42]: FINISHING"}}
[debug] [2020-10-10T20:50:33.201Z] [worker-pool] Cleaned up workers for ~diagnostic~: 2 --> 1 {"metadata":{"emulator":{"name":"functions"},"message":"[worker-pool] Cleaned up workers for ~diagnostic~: 2 --> 1"}}
[debug] [2020-10-10T20:50:33.201Z] [worker-pool] Cleaned up workers for api: 1 --> 0 {"metadata":{"emulator":{"name":"functions"},"message":"[worker-pool] Cleaned up workers for api: 1 --> 0"}}
[debug] [2020-10-10T20:50:33.215Z] [worker-pool] addWorker(~diagnostic~) {"metadata":{"emulator":{"name":"functions"},"message":"[worker-pool] addWorker(~diagnostic~)"}}
[debug] [2020-10-10T20:50:33.216Z] [worker-pool] Adding worker with key ~diagnostic~, total=2 {"metadata":{"emulator":{"name":"functions"},"message":"[worker-pool] Adding worker with key ~diagnostic~, total=2"}}
[debug] [2020-10-10T20:50:33.216Z] [worker-pool] submitWork(triggerId=) {"metadata":{"emulator":{"name":"functions"},"message":"[worker-pool] submitWork(triggerId=)"}}
[debug] [2020-10-10T20:50:33.216Z] [worker-~diagnostic~-af604a5d-aeb3-4c12-acd3-cbdd99d5510c]: Assigning socketPath: \\?\pipe\C:\Users\pacio\Desktop\PacioLearn\amazon-clone\functions\8560 {"metadata":{"emulator":{"name":"functions"},"message":"[worker-~diagnostic~-af604a5d-aeb3-4c12-acd3-cbdd99d5510c]: Assigning socketPath: \\\\?\\pipe\\C:\\Users\\pacio\\Desktop\\PacioLearn\\amazon-clone\\functions\\8560"}}
[debug] [2020-10-10T20:50:33.216Z] [worker-~diagnostic~-af604a5d-aeb3-4c12-acd3-cbdd99d5510c]: BUSY {"metadata":{"emulator":{"name":"functions"},"message":"[worker-~diagnostic~-af604a5d-aeb3-4c12-acd3-cbdd99d5510c]: BUSY"}}
[debug] [2020-10-10T20:50:33.221Z] [worker-~diagnostic~-35345c45-250d-4c8d-b17a-a2846b67cc42]: exited {"metadata":{"emulator":{"name":"functions"},"message":"[worker-~diagnostic~-35345c45-250d-4c8d-b17a-a2846b67cc42]: exited"}}
[debug] [2020-10-10T20:50:33.221Z] [worker-~diagnostic~-35345c45-250d-4c8d-b17a-a2846b67cc42]: FINISHED {"metadata":{"emulator":{"name":"functions"},"message":"[worker-~diagnostic~-35345c45-250d-4c8d-b17a-a2846b67cc42]: FINISHED"}}
[debug] [2020-10-10T20:50:34.752Z] [runtime-status] [8560] Functions runtime initialized. {"cwd":"C:\\Users\\pacio\\Desktop\\PacioLearn\\amazon-clone\\functions","node_version":"12.18.4"} {"metadata":{"emulator":{"name":"functions"},"message":"[runtime-status] [8560] Functions runtime initialized. {\"cwd\":\"C:\\\\Users\\\\pacio\\\\Desktop\\\\PacioLearn\\\\amazon-clone\\\\functions\",\"node_version\":\"12.18.4\"}"}}
[debug] [2020-10-10T20:50:34.763Z] [runtime-status] [8560] Disabled runtime features: undefined {"metadata":{"emulator":{"name":"functions"},"message":"[runtime-status] [8560] Disabled runtime features: undefined"}}
[debug] [2020-10-10T20:50:34.781Z] [runtime-status] [8560] Resolved module firebase-admin {"declared":true,"installed":true,"version":"8.13.0","resolution":"C:\\Users\\pacio\\Desktop\\PacioLearn\\amazon-clone\\functions\\node_modules\\firebase-admin\\lib\\index.js"} {"metadata":{"emulator":{"name":"functions"},"message":"[runtime-status] [8560] Resolved module firebase-admin {\"declared\":true,\"installed\":true,\"version\":\"8.13.0\",\"resolution\":\"C:\\\\Users\\\\pacio\\\\Desktop\\\\PacioLearn\\\\amazon-clone\\\\functions\\\\node_modules\\\\firebase-admin\\\\lib\\\\index.js\"}"}}
[debug] [2020-10-10T20:50:34.785Z] [runtime-status] [8560] Resolved module firebase-functions {"declared":true,"installed":true,"version":"3.11.0","resolution":"C:\\Users\\pacio\\Desktop\\PacioLearn\\amazon-clone\\functions\\node_modules\\firebase-functions\\lib\\index.js"} {"metadata":{"emulator":{"name":"functions"},"message":"[runtime-status] [8560] Resolved module firebase-functions {\"declared\":true,\"installed\":true,\"version\":\"3.11.0\",\"resolution\":\"C:\\\\Users\\\\pacio\\\\Desktop\\\\PacioLearn\\\\amazon-clone\\\\functions\\\\node_modules\\\\firebase-functions\\\\lib\\\\index.js\"}"}}
[debug] [2020-10-10T20:50:34.787Z] [runtime-status] [8560] Resolved module firebase-functions {"declared":true,"installed":true,"version":"3.11.0","resolution":"C:\\Users\\pacio\\Desktop\\PacioLearn\\amazon-clone\\functions\\node_modules\\firebase-functions\\lib\\index.js"} {"metadata":{"emulator":{"name":"functions"},"message":"[runtime-status] [8560] Resolved module firebase-functions {\"declared\":true,\"installed\":true,\"version\":\"3.11.0\",\"resolution\":\"C:\\\\Users\\\\pacio\\\\Desktop\\\\PacioLearn\\\\amazon-clone\\\\functions\\\\node_modules\\\\firebase-functions\\\\lib\\\\index.js\"}"}}
[debug] [2020-10-10T20:50:34.791Z] [runtime-status] [8560] Outgoing network have been stubbed. [{"name":"http","status":"mocked"},{"name":"http","status":"mocked"},{"name":"https","status":"mocked"},{"name":"https","status":"mocked"},{"name":"net","status":"mocked"}] {"metadata":{"emulator":{"name":"functions"},"message":"[runtime-status] [8560] Outgoing network have been stubbed. [{\"name\":\"http\",\"status\":\"mocked\"},{\"name\":\"http\",\"status\":\"mocked\"},{\"name\":\"https\",\"status\":\"mocked\"},{\"name\":\"https\",\"status\":\"mocked\"},{\"name\":\"net\",\"status\":\"mocked\"}]"}}
[debug] [2020-10-10T20:50:34.793Z] [runtime-status] [8560] Resolved module firebase-functions {"declared":true,"installed":true,"version":"3.11.0","resolution":"C:\\Users\\pacio\\Desktop\\PacioLearn\\amazon-clone\\functions\\node_modules\\firebase-functions\\lib\\index.js"} {"metadata":{"emulator":{"name":"functions"},"message":"[runtime-status] [8560] Resolved module firebase-functions {\"declared\":true,\"installed\":true,\"version\":\"3.11.0\",\"resolution\":\"C:\\\\Users\\\\pacio\\\\Desktop\\\\PacioLearn\\\\amazon-clone\\\\functions\\\\node_modules\\\\firebase-functions\\\\lib\\\\index.js\"}"}}
[debug] [2020-10-10T20:50:34.929Z] [runtime-status] [8560] Checked functions.config() {"config":{}} {"metadata":{"emulator":{"name":"functions"},"message":"[runtime-status] [8560] Checked functions.config() {\"config\":{}}"}}
[debug] [2020-10-10T20:50:34.930Z] [runtime-status] [8560] firebase-functions has been stubbed. {"functionsResolution":{"declared":true,"installed":true,"version":"3.11.0","resolution":"C:\\Users\\pacio\\Desktop\\PacioLearn\\amazon-clone\\functions\\node_modules\\firebase-functions\\lib\\index.js"}} {"metadata":{"emulator":{"name":"functions"},"message":"[runtime-status] [8560] firebase-functions has been stubbed. {\"functionsResolution\":{\"declared\":true,\"installed\":true,\"version\":\"3.11.0\",\"resolution\":\"C:\\\\Users\\\\pacio\\\\Desktop\\\\PacioLearn\\\\amazon-clone\\\\functions\\\\node_modules\\\\firebase-functions\\\\lib\\\\index.js\"}}"}}
[debug] [2020-10-10T20:50:34.932Z] [runtime-status] [8560] Resolved module firebase-functions {"declared":true,"installed":true,"version":"3.11.0","resolution":"C:\\Users\\pacio\\Desktop\\PacioLearn\\amazon-clone\\functions\\node_modules\\firebase-functions\\lib\\index.js"} {"metadata":{"emulator":{"name":"functions"},"message":"[runtime-status] [8560] Resolved module firebase-functions {\"declared\":true,\"installed\":true,\"version\":\"3.11.0\",\"resolution\":\"C:\\\\Users\\\\pacio\\\\Desktop\\\\PacioLearn\\\\amazon-clone\\\\functions\\\\node_modules\\\\firebase-functions\\\\lib\\\\index.js\"}"}}
[debug] [2020-10-10T20:50:34.935Z] [runtime-status] [8560] Resolved module firebase-admin {"declared":true,"installed":true,"version":"8.13.0","resolution":"C:\\Users\\pacio\\Desktop\\PacioLearn\\amazon-clone\\functions\\node_modules\\firebase-admin\\lib\\index.js"} {"metadata":{"emulator":{"name":"functions"},"message":"[runtime-status] [8560] Resolved module firebase-admin {\"declared\":true,\"installed\":true,\"version\":\"8.13.0\",\"resolution\":\"C:\\\\Users\\\\pacio\\\\Desktop\\\\PacioLearn\\\\amazon-clone\\\\functions\\\\node_modules\\\\firebase-admin\\\\lib\\\\index.js\"}"}}
[debug] [2020-10-10T20:50:34.937Z] [runtime-status] [8560] Resolved module firebase-functions {"declared":true,"installed":true,"version":"3.11.0","resolution":"C:\\Users\\pacio\\Desktop\\PacioLearn\\amazon-clone\\functions\\node_modules\\firebase-functions\\lib\\index.js"} {"metadata":{"emulator":{"name":"functions"},"message":"[runtime-status] [8560] Resolved module firebase-functions {\"declared\":true,\"installed\":true,\"version\":\"3.11.0\",\"resolution\":\"C:\\\\Users\\\\pacio\\\\Desktop\\\\PacioLearn\\\\amazon-clone\\\\functions\\\\node_modules\\\\firebase-functions\\\\lib\\\\index.js\"}"}}
[debug] [2020-10-10T20:50:34.937Z] [runtime-status] [8560] firebase-admin has been stubbed. {"adminResolution":{"declared":true,"installed":true,"version":"8.13.0","resolution":"C:\\Users\\pacio\\Desktop\\PacioLearn\\amazon-clone\\functions\\node_modules\\firebase-admin\\lib\\index.js"}} {"metadata":{"emulator":{"name":"functions"},"message":"[runtime-status] [8560] firebase-admin has been stubbed. {\"adminResolution\":{\"declared\":true,\"installed\":true,\"version\":\"8.13.0\",\"resolution\":\"C:\\\\Users\\\\pacio\\\\Desktop\\\\PacioLearn\\\\amazon-clone\\\\functions\\\\node_modules\\\\firebase-admin\\\\lib\\\\index.js\"}}"}}
[debug] [2020-10-10T20:50:35.438Z] [worker-~diagnostic~-af604a5d-aeb3-4c12-acd3-cbdd99d5510c]: IDLE {"metadata":{"emulator":{"name":"functions"},"message":"[worker-~diagnostic~-af604a5d-aeb3-4c12-acd3-cbdd99d5510c]: IDLE"}}
[debug] [2020-10-10T20:51:38.552Z] File C:\Users\pacio\Desktop\PacioLearn\amazon-clone\functions\index.js changed, reloading triggers {"metadata":{"emulator":{"name":"functions"},"message":"File C:\\Users\\pacio\\Desktop\\PacioLearn\\amazon-clone\\functions\\index.js changed, reloading triggers"}}
[debug] [2020-10-10T20:51:39.553Z] [worker-pool] Shutting down IDLE worker (~diagnostic~) {"metadata":{"emulator":{"name":"functions"},"message":"[worker-pool] Shutting down IDLE worker (~diagnostic~)"}}
[debug] [2020-10-10T20:51:39.553Z] [worker-~diagnostic~-af604a5d-aeb3-4c12-acd3-cbdd99d5510c]: FINISHING {"metadata":{"emulator":{"name":"functions"},"message":"[worker-~diagnostic~-af604a5d-aeb3-4c12-acd3-cbdd99d5510c]: FINISHING"}}
[debug] [2020-10-10T20:51:39.554Z] [worker-pool] Cleaned up workers for ~diagnostic~: 2 --> 1 {"metadata":{"emulator":{"name":"functions"},"message":"[worker-pool] Cleaned up workers for ~diagnostic~: 2 --> 1"}}
[debug] [2020-10-10T20:51:39.563Z] [worker-pool] addWorker(~diagnostic~) {"metadata":{"emulator":{"name":"functions"},"message":"[worker-pool] addWorker(~diagnostic~)"}}
[debug] [2020-10-10T20:51:39.564Z] [worker-pool] Adding worker with key ~diagnostic~, total=2 {"metadata":{"emulator":{"name":"functions"},"message":"[worker-pool] Adding worker with key ~diagnostic~, total=2"}}
[debug] [2020-10-10T20:51:39.564Z] [worker-pool] submitWork(triggerId=) {"metadata":{"emulator":{"name":"functions"},"message":"[worker-pool] submitWork(triggerId=)"}}
[debug] [2020-10-10T20:51:39.564Z] [worker-~diagnostic~-27010a89-d9f7-4df0-b7be-04bfa8528530]: Assigning socketPath: \\?\pipe\C:\Users\pacio\Desktop\PacioLearn\amazon-clone\functions\14272 {"metadata":{"emulator":{"name":"functions"},"message":"[worker-~diagnostic~-27010a89-d9f7-4df0-b7be-04bfa8528530]: Assigning socketPath: \\\\?\\pipe\\C:\\Users\\pacio\\Desktop\\PacioLearn\\amazon-clone\\functions\\14272"}}
[debug] [2020-10-10T20:51:39.564Z] [worker-~diagnostic~-27010a89-d9f7-4df0-b7be-04bfa8528530]: BUSY {"metadata":{"emulator":{"name":"functions"},"message":"[worker-~diagnostic~-27010a89-d9f7-4df0-b7be-04bfa8528530]: BUSY"}}
[debug] [2020-10-10T20:51:39.572Z] [worker-~diagnostic~-af604a5d-aeb3-4c12-acd3-cbdd99d5510c]: exited {"metadata":{"emulator":{"name":"functions"},"message":"[worker-~diagnostic~-af604a5d-aeb3-4c12-acd3-cbdd99d5510c]: exited"}}
[debug] [2020-10-10T20:51:39.573Z] [worker-~diagnostic~-af604a5d-aeb3-4c12-acd3-cbdd99d5510c]: FINISHED {"metadata":{"emulator":{"name":"functions"},"message":"[worker-~diagnostic~-af604a5d-aeb3-4c12-acd3-cbdd99d5510c]: FINISHED"}}
[debug] [2020-10-10T20:51:41.494Z] [runtime-status] [14272] Functions runtime initialized. {"cwd":"C:\\Users\\pacio\\Desktop\\PacioLearn\\amazon-clone\\functions","node_version":"12.18.4"} {"metadata":{"emulator":{"name":"functions"},"message":"[runtime-status] [14272] Functions runtime initialized. {\"cwd\":\"C:\\\\Users\\\\pacio\\\\Desktop\\\\PacioLearn\\\\amazon-clone\\\\functions\",\"node_version\":\"12.18.4\"}"}}
[debug] [2020-10-10T20:51:41.509Z] [runtime-status] [14272] Disabled runtime features: undefined {"metadata":{"emulator":{"name":"functions"},"message":"[runtime-status] [14272] Disabled runtime features: undefined"}}
[debug] [2020-10-10T20:51:41.534Z] [runtime-status] [14272] Resolved module firebase-admin {"declared":true,"installed":true,"version":"8.13.0","resolution":"C:\\Users\\pacio\\Desktop\\PacioLearn\\amazon-clone\\functions\\node_modules\\firebase-admin\\lib\\index.js"} {"metadata":{"emulator":{"name":"functions"},"message":"[runtime-status] [14272] Resolved module firebase-admin {\"declared\":true,\"installed\":true,\"version\":\"8.13.0\",\"resolution\":\"C:\\\\Users\\\\pacio\\\\Desktop\\\\PacioLearn\\\\amazon-clone\\\\functions\\\\node_modules\\\\firebase-admin\\\\lib\\\\index.js\"}"}}
[debug] [2020-10-10T20:51:41.545Z] [runtime-status] [14272] Resolved module firebase-functions {"declared":true,"installed":true,"version":"3.11.0","resolution":"C:\\Users\\pacio\\Desktop\\PacioLearn\\amazon-clone\\functions\\node_modules\\firebase-functions\\lib\\index.js"} {"metadata":{"emulator":{"name":"functions"},"message":"[runtime-status] [14272] Resolved module firebase-functions {\"declared\":true,\"installed\":true,\"version\":\"3.11.0\",\"resolution\":\"C:\\\\Users\\\\pacio\\\\Desktop\\\\PacioLearn\\\\amazon-clone\\\\functions\\\\node_modules\\\\firebase-functions\\\\lib\\\\index.js\"}"}}
[debug] [2020-10-10T20:51:41.550Z] [runtime-status] [14272] Resolved module firebase-functions {"declared":true,"installed":true,"version":"3.11.0","resolution":"C:\\Users\\pacio\\Desktop\\PacioLearn\\amazon-clone\\functions\\node_modules\\firebase-functions\\lib\\index.js"} {"metadata":{"emulator":{"name":"functions"},"message":"[runtime-status] [14272] Resolved module firebase-functions {\"declared\":true,\"installed\":true,\"version\":\"3.11.0\",\"resolution\":\"C:\\\\Users\\\\pacio\\\\Desktop\\\\PacioLearn\\\\amazon-clone\\\\functions\\\\node_modules\\\\firebase-functions\\\\lib\\\\index.js\"}"}}
[debug] [2020-10-10T20:51:41.554Z] [runtime-status] [14272] Outgoing network have been stubbed. [{"name":"http","status":"mocked"},{"name":"http","status":"mocked"},{"name":"https","status":"mocked"},{"name":"https","status":"mocked"},{"name":"net","status":"mocked"}] {"metadata":{"emulator":{"name":"functions"},"message":"[runtime-status] [14272] Outgoing network have been stubbed. [{\"name\":\"http\",\"status\":\"mocked\"},{\"name\":\"http\",\"status\":\"mocked\"},{\"name\":\"https\",\"status\":\"mocked\"},{\"name\":\"https\",\"status\":\"mocked\"},{\"name\":\"net\",\"status\":\"mocked\"}]"}}
[debug] [2020-10-10T20:51:41.557Z] [runtime-status] [14272] Resolved module firebase-functions {"declared":true,"installed":true,"version":"3.11.0","resolution":"C:\\Users\\pacio\\Desktop\\PacioLearn\\amazon-clone\\functions\\node_modules\\firebase-functions\\lib\\index.js"} {"metadata":{"emulator":{"name":"functions"},"message":"[runtime-status] [14272] Resolved module firebase-functions {\"declared\":true,\"installed\":true,\"version\":\"3.11.0\",\"resolution\":\"C:\\\\Users\\\\pacio\\\\Desktop\\\\PacioLearn\\\\amazon-clone\\\\functions\\\\node_modules\\\\firebase-functions\\\\lib\\\\index.js\"}"}}
[debug] [2020-10-10T20:51:41.730Z] [runtime-status] [14272] Checked functions.config() {"config":{}} {"metadata":{"emulator":{"name":"functions"},"message":"[runtime-status] [14272] Checked functions.config() {\"config\":{}}"}}
[debug] [2020-10-10T20:51:41.733Z] [runtime-status] [14272] firebase-functions has been stubbed. {"functionsResolution":{"declared":true,"installed":true,"version":"3.11.0","resolution":"C:\\Users\\pacio\\Desktop\\PacioLearn\\amazon-clone\\functions\\node_modules\\firebase-functions\\lib\\index.js"}} {"metadata":{"emulator":{"name":"functions"},"message":"[runtime-status] [14272] firebase-functions has been stubbed. {\"functionsResolution\":{\"declared\":true,\"installed\":true,\"version\":\"3.11.0\",\"resolution\":\"C:\\\\Users\\\\pacio\\\\Desktop\\\\PacioLearn\\\\amazon-clone\\\\functions\\\\node_modules\\\\firebase-functions\\\\lib\\\\index.js\"}}"}}
[debug] [2020-10-10T20:51:41.739Z] [runtime-status] [14272] Resolved module firebase-functions {"declared":true,"installed":true,"version":"3.11.0","resolution":"C:\\Users\\pacio\\Desktop\\PacioLearn\\amazon-clone\\functions\\node_modules\\firebase-functions\\lib\\index.js"} {"metadata":{"emulator":{"name":"functions"},"message":"[runtime-status] [14272] Resolved module firebase-functions {\"declared\":true,\"installed\":true,\"version\":\"3.11.0\",\"resolution\":\"C:\\\\Users\\\\pacio\\\\Desktop\\\\PacioLearn\\\\amazon-clone\\\\functions\\\\node_modules\\\\firebase-functions\\\\lib\\\\index.js\"}"}}
[debug] [2020-10-10T20:51:41.744Z] [runtime-status] [14272] Resolved module firebase-admin {"declared":true,"installed":true,"version":"8.13.0","resolution":"C:\\Users\\pacio\\Desktop\\PacioLearn\\amazon-clone\\functions\\node_modules\\firebase-admin\\lib\\index.js"} {"metadata":{"emulator":{"name":"functions"},"message":"[runtime-status] [14272] Resolved module firebase-admin {\"declared\":true,\"installed\":true,\"version\":\"8.13.0\",\"resolution\":\"C:\\\\Users\\\\pacio\\\\Desktop\\\\PacioLearn\\\\amazon-clone\\\\functions\\\\node_modules\\\\firebase-admin\\\\lib\\\\index.js\"}"}}
[debug] [2020-10-10T20:51:41.746Z] [runtime-status] [14272] Resolved module firebase-functions {"declared":true,"installed":true,"version":"3.11.0","resolution":"C:\\Users\\pacio\\Desktop\\PacioLearn\\amazon-clone\\functions\\node_modules\\firebase-functions\\lib\\index.js"} {"metadata":{"emulator":{"name":"functions"},"message":"[runtime-status] [14272] Resolved module firebase-functions {\"declared\":true,\"installed\":true,\"version\":\"3.11.0\",\"resolution\":\"C:\\\\Users\\\\pacio\\\\Desktop\\\\PacioLearn\\\\amazon-clone\\\\functions\\\\node_modules\\\\firebase-functions\\\\lib\\\\index.js\"}"}}
[debug] [2020-10-10T20:51:41.746Z] [runtime-status] [14272] firebase-admin has been stubbed. {"adminResolution":{"declared":true,"installed":true,"version":"8.13.0","resolution":"C:\\Users\\pacio\\Desktop\\PacioLearn\\amazon-clone\\functions\\node_modules\\firebase-admin\\lib\\index.js"}} {"metadata":{"emulator":{"name":"functions"},"message":"[runtime-status] [14272] firebase-admin has been stubbed. {\"adminResolution\":{\"declared\":true,\"installed\":true,\"version\":\"8.13.0\",\"resolution\":\"C:\\\\Users\\\\pacio\\\\Desktop\\\\PacioLearn\\\\amazon-clone\\\\functions\\\\node_modules\\\\firebase-admin\\\\lib\\\\index.js\"}}"}}
[debug] [2020-10-10T20:51:42.726Z] [worker-~diagnostic~-27010a89-d9f7-4df0-b7be-04bfa8528530]: IDLE {"metadata":{"emulator":{"name":"functions"},"message":"[worker-~diagnostic~-27010a89-d9f7-4df0-b7be-04bfa8528530]: IDLE"}}
[debug] [2020-10-10T20:55:46.123Z] [work-queue] {"queueLength":1,"workRunningCount":0}
[debug] [2020-10-10T20:55:46.124Z] [work-queue] {"queueLength":0,"workRunningCount":1}
[debug] [2020-10-10T20:55:46.124Z] Accepted request POST /amaz-clone-17a77/us-central1/api/payments/create?total=23900 --> api
[debug] [2020-10-10T20:55:46.124Z] [worker-pool] Cleaned up workers for ~diagnostic~: 2 --> 1 {"metadata":{"emulator":{"name":"functions"},"message":"[worker-pool] Cleaned up workers for ~diagnostic~: 2 --> 1"}}
[debug] [2020-10-10T20:55:46.133Z] [worker-pool] addWorker(api) {"metadata":{"emulator":{"name":"functions"},"message":"[worker-pool] addWorker(api)"}}
[debug] [2020-10-10T20:55:46.133Z] [worker-pool] Adding worker with key api, total=1 {"metadata":{"emulator":{"name":"functions"},"message":"[worker-pool] Adding worker with key api, total=1"}}
[debug] [2020-10-10T20:55:46.133Z] [worker-pool] submitWork(triggerId=api) {"metadata":{"emulator":{"name":"functions"},"message":"[worker-pool] submitWork(triggerId=api)"}}
[debug] [2020-10-10T20:55:46.134Z] [worker-api-d7ba9713-d2c4-44d2-9f3b-c73eedf219cf]: Assigning socketPath: \\?\pipe\C:\Users\pacio\Desktop\PacioLearn\amazon-clone\functions\24488 {"metadata":{"emulator":{"name":"functions"},"message":"[worker-api-d7ba9713-d2c4-44d2-9f3b-c73eedf219cf]: Assigning socketPath: \\\\?\\pipe\\C:\\Users\\pacio\\Desktop\\PacioLearn\\amazon-clone\\functions\\24488"}}
[debug] [2020-10-10T20:55:46.134Z] [worker-api-d7ba9713-d2c4-44d2-9f3b-c73eedf219cf]: BUSY {"metadata":{"emulator":{"name":"functions"},"message":"[worker-api-d7ba9713-d2c4-44d2-9f3b-c73eedf219cf]: BUSY"}}
[debug] [2020-10-10T20:55:47.529Z] [runtime-status] [24488] Functions runtime initialized. {"cwd":"C:\\Users\\pacio\\Desktop\\PacioLearn\\amazon-clone\\functions","node_version":"12.18.4"} {"metadata":{"emulator":{"name":"functions"},"function":{"name":"api"},"message":"[runtime-status] [24488] Functions runtime initialized. {\"cwd\":\"C:\\\\Users\\\\pacio\\\\Desktop\\\\PacioLearn\\\\amazon-clone\\\\functions\",\"node_version\":\"12.18.4\"}"}}
[debug] [2020-10-10T20:55:47.539Z] [runtime-status] [24488] Disabled runtime features: undefined {"metadata":{"emulator":{"name":"functions"},"function":{"name":"api"},"message":"[runtime-status] [24488] Disabled runtime features: undefined"}}
[debug] [2020-10-10T20:55:47.550Z] [runtime-status] [24488] Resolved module firebase-admin {"declared":true,"installed":true,"version":"8.13.0","resolution":"C:\\Users\\pacio\\Desktop\\PacioLearn\\amazon-clone\\functions\\node_modules\\firebase-admin\\lib\\index.js"} {"metadata":{"emulator":{"name":"functions"},"function":{"name":"api"},"message":"[runtime-status] [24488] Resolved module firebase-admin {\"declared\":true,\"installed\":true,\"version\":\"8.13.0\",\"resolution\":\"C:\\\\Users\\\\pacio\\\\Desktop\\\\PacioLearn\\\\amazon-clone\\\\functions\\\\node_modules\\\\firebase-admin\\\\lib\\\\index.js\"}"}}
[debug] [2020-10-10T20:55:47.560Z] [runtime-status] [24488] Resolved module firebase-functions {"declared":true,"installed":true,"version":"3.11.0","resolution":"C:\\Users\\pacio\\Desktop\\PacioLearn\\amazon-clone\\functions\\node_modules\\firebase-functions\\lib\\index.js"} {"metadata":{"emulator":{"name":"functions"},"function":{"name":"api"},"message":"[runtime-status] [24488] Resolved module firebase-functions {\"declared\":true,\"installed\":true,\"version\":\"3.11.0\",\"resolution\":\"C:\\\\Users\\\\pacio\\\\Desktop\\\\PacioLearn\\\\amazon-clone\\\\functions\\\\node_modules\\\\firebase-functions\\\\lib\\\\index.js\"}"}}
[debug] [2020-10-10T20:55:47.562Z] [runtime-status] [24488] Resolved module firebase-functions {"declared":true,"installed":true,"version":"3.11.0","resolution":"C:\\Users\\pacio\\Desktop\\PacioLearn\\amazon-clone\\functions\\node_modules\\firebase-functions\\lib\\index.js"} {"metadata":{"emulator":{"name":"functions"},"function":{"name":"api"},"message":"[runtime-status] [24488] Resolved module firebase-functions {\"declared\":true,\"installed\":true,\"version\":\"3.11.0\",\"resolution\":\"C:\\\\Users\\\\pacio\\\\Desktop\\\\PacioLearn\\\\amazon-clone\\\\functions\\\\node_modules\\\\firebase-functions\\\\lib\\\\index.js\"}"}}
[debug] [2020-10-10T20:55:47.566Z] [runtime-status] [24488] Outgoing network have been stubbed. [{"name":"http","status":"mocked"},{"name":"http","status":"mocked"},{"name":"https","status":"mocked"},{"name":"https","status":"mocked"},{"name":"net","status":"mocked"}] {"metadata":{"emulator":{"name":"functions"},"function":{"name":"api"},"message":"[runtime-status] [24488] Outgoing network have been stubbed. [{\"name\":\"http\",\"status\":\"mocked\"},{\"name\":\"http\",\"status\":\"mocked\"},{\"name\":\"https\",\"status\":\"mocked\"},{\"name\":\"https\",\"status\":\"mocked\"},{\"name\":\"net\",\"status\":\"mocked\"}]"}}
[debug] [2020-10-10T20:55:47.567Z] [runtime-status] [24488] Resolved module firebase-functions {"declared":true,"installed":true,"version":"3.11.0","resolution":"C:\\Users\\pacio\\Desktop\\PacioLearn\\amazon-clone\\functions\\node_modules\\firebase-functions\\lib\\index.js"} {"metadata":{"emulator":{"name":"functions"},"function":{"name":"api"},"message":"[runtime-status] [24488] Resolved module firebase-functions {\"declared\":true,\"installed\":true,\"version\":\"3.11.0\",\"resolution\":\"C:\\\\Users\\\\pacio\\\\Desktop\\\\PacioLearn\\\\amazon-clone\\\\functions\\\\node_modules\\\\firebase-functions\\\\lib\\\\index.js\"}"}}
[debug] [2020-10-10T20:55:47.677Z] [runtime-status] [24488] Checked functions.config() {"config":{}} {"metadata":{"emulator":{"name":"functions"},"function":{"name":"api"},"message":"[runtime-status] [24488] Checked functions.config() {\"config\":{}}"}}
[debug] [2020-10-10T20:55:47.678Z] [runtime-status] [24488] firebase-functions has been stubbed. {"functionsResolution":{"declared":true,"installed":true,"version":"3.11.0","resolution":"C:\\Users\\pacio\\Desktop\\PacioLearn\\amazon-clone\\functions\\node_modules\\firebase-functions\\lib\\index.js"}} {"metadata":{"emulator":{"name":"functions"},"function":{"name":"api"},"message":"[runtime-status] [24488] firebase-functions has been stubbed. {\"functionsResolution\":{\"declared\":true,\"installed\":true,\"version\":\"3.11.0\",\"resolution\":\"C:\\\\Users\\\\pacio\\\\Desktop\\\\PacioLearn\\\\amazon-clone\\\\functions\\\\node_modules\\\\firebase-functions\\\\lib\\\\index.js\"}}"}}
[debug] [2020-10-10T20:55:47.680Z] [runtime-status] [24488] Resolved module firebase-functions {"declared":true,"installed":true,"version":"3.11.0","resolution":"C:\\Users\\pacio\\Desktop\\PacioLearn\\amazon-clone\\functions\\node_modules\\firebase-functions\\lib\\index.js"} {"metadata":{"emulator":{"name":"functions"},"function":{"name":"api"},"message":"[runtime-status] [24488] Resolved module firebase-functions {\"declared\":true,\"installed\":true,\"version\":\"3.11.0\",\"resolution\":\"C:\\\\Users\\\\pacio\\\\Desktop\\\\PacioLearn\\\\amazon-clone\\\\functions\\\\node_modules\\\\firebase-functions\\\\lib\\\\index.js\"}"}}
[debug] [2020-10-10T20:55:47.683Z] [runtime-status] [24488] Resolved module firebase-admin {"declared":true,"installed":true,"version":"8.13.0","resolution":"C:\\Users\\pacio\\Desktop\\PacioLearn\\amazon-clone\\functions\\node_modules\\firebase-admin\\lib\\index.js"} {"metadata":{"emulator":{"name":"functions"},"function":{"name":"api"},"message":"[runtime-status] [24488] Resolved module firebase-admin {\"declared\":true,\"installed\":true,\"version\":\"8.13.0\",\"resolution\":\"C:\\\\Users\\\\pacio\\\\Desktop\\\\PacioLearn\\\\amazon-clone\\\\functions\\\\node_modules\\\\firebase-admin\\\\lib\\\\index.js\"}"}}
[debug] [2020-10-10T20:55:47.684Z] [runtime-status] [24488] Resolved module firebase-functions {"declared":true,"installed":true,"version":"3.11.0","resolution":"C:\\Users\\pacio\\Desktop\\PacioLearn\\amazon-clone\\functions\\node_modules\\firebase-functions\\lib\\index.js"} {"metadata":{"emulator":{"name":"functions"},"function":{"name":"api"},"message":"[runtime-status] [24488] Resolved module firebase-functions {\"declared\":true,\"installed\":true,\"version\":\"3.11.0\",\"resolution\":\"C:\\\\Users\\\\pacio\\\\Desktop\\\\PacioLearn\\\\amazon-clone\\\\functions\\\\node_modules\\\\firebase-functions\\\\lib\\\\index.js\"}"}}
[debug] [2020-10-10T20:55:47.685Z] [runtime-status] [24488] firebase-admin has been stubbed. {"adminResolution":{"declared":true,"installed":true,"version":"8.13.0","resolution":"C:\\Users\\pacio\\Desktop\\PacioLearn\\amazon-clone\\functions\\node_modules\\firebase-admin\\lib\\index.js"}} {"metadata":{"emulator":{"name":"functions"},"function":{"name":"api"},"message":"[runtime-status] [24488] firebase-admin has been stubbed. {\"adminResolution\":{\"declared\":true,\"installed\":true,\"version\":\"8.13.0\",\"resolution\":\"C:\\\\Users\\\\pacio\\\\Desktop\\\\PacioLearn\\\\amazon-clone\\\\functions\\\\node_modules\\\\firebase-admin\\\\lib\\\\index.js\"}}"}}
[debug] [2020-10-10T20:55:48.134Z] [runtime-status] [24488] Trigger "api" has been found, beginning invocation! {"metadata":{"emulator":{"name":"functions"},"function":{"name":"api"},"message":"[runtime-status] [24488] Trigger \"api\" has been found, beginning invocation!"}}
[info] i  functions: Beginning execution of "api" {"metadata":{"emulator":{"name":"functions"},"function":{"name":"api"},"message":"Beginning execution of \"api\""}}
[debug] [2020-10-10T20:55:48.136Z] [runtime-status] [24488] triggerDefinition {"httpsTrigger":{},"name":"api","entryPoint":"api"} {"metadata":{"emulator":{"name":"functions"},"function":{"name":"api"},"message":"[runtime-status] [24488] triggerDefinition {\"httpsTrigger\":{},\"name\":\"api\",\"entryPoint\":\"api\"}"}}
[debug] [2020-10-10T20:55:48.137Z] [runtime-status] [24488] Running api in mode HTTPS {"metadata":{"emulator":{"name":"functions"},"function":{"name":"api"},"message":"[runtime-status] [24488] Running api in mode HTTPS"}}
[debug] [2020-10-10T20:55:48.146Z] [runtime-status] [24488] Attempting to listen to socketPath: \\?\pipe\C:\Users\pacio\Desktop\PacioLearn\amazon-clone\functions\24488 {"metadata":{"emulator":{"name":"functions"},"function":{"name":"api"},"message":"[runtime-status] [24488] Attempting to listen to socketPath: \\\\?\\pipe\\C:\\Users\\pacio\\Desktop\\PacioLearn\\amazon-clone\\functions\\24488"}}
[debug] [2020-10-10T20:55:48.151Z] [functions] Runtime ready! Sending request! {"metadata":{"emulator":{"name":"functions"},"message":"[functions] Runtime ready! Sending request!"}}
[debug] [2020-10-10T20:55:48.165Z] [runtime-status] [24488] Ephemeral server handling POST request {"metadata":{"emulator":{"name":"functions"},"function":{"name":"api"},"message":"[runtime-status] [24488] Ephemeral server handling POST request"}}
[debug] [2020-10-10T20:55:48.185Z] [runtime-status] [24488] Ephemeral server survived. {"metadata":{"emulator":{"name":"functions"},"function":{"name":"api"},"message":"[runtime-status] [24488] Ephemeral server survived."}}
[info] i  functions: Finished "api" in ~1s {"metadata":{"emulator":{"name":"functions"},"function":{"name":"api"},"message":"Finished \"api\" in ~1s"}}
[debug] [2020-10-10T20:55:49.308Z] [worker-api-d7ba9713-d2c4-44d2-9f3b-c73eedf219cf]: IDLE {"metadata":{"emulator":{"name":"functions"},"message":"[worker-api-d7ba9713-d2c4-44d2-9f3b-c73eedf219cf]: IDLE"}}
[debug] [2020-10-10T20:55:49.308Z] [work-queue] {"queueLength":0,"workRunningCount":0}
